C51 COMPILER V9.56.0.0   DISPLAY_LED                                                       03/13/2022 22:15:07 PAGE 1   


C51 COMPILER V9.56.0.0, COMPILATION OF MODULE DISPLAY_LED
OBJECT MODULE PLACED IN .\Objects\display_LED.obj
COMPILER INVOKED BY: C:\Keil_v5\C51\BIN\C51.EXE display_LED.c OPTIMIZE(8,SPEED) BROWSE DEBUG OBJECTEXTEND PRINT(.\Listin
                    -gs\display_LED.lst) TABS(2) OBJECT(.\Objects\display_LED.obj)

line level    source

   1          #include <REGX51.H>
   2          #include "delay.h"
   3          //#include "display_SHU_CA.h"
   4          #define uchar unsigned char
   5          uchar led[]={0xfe,0xfd,0xfb};        //LED灯的花样数据
   6          char g;
   7          void display_LED (uchar LED_mode)
   8          {
   9   1        if (LED_mode == 1)            //模式1自上而下
  10   1        {
  11   2          for (g=0;g<=2;g++)
  12   2          {
  13   3            P1 = led[g];
  14   3            delay(2000000);
  15   3          }
  16   2        }
  17   1        else if (LED_mode == 2)            //模式2自下而上
  18   1        {
  19   2          for (g=2;g>=0;g--)
  20   2          {
  21   3            P1 = led[g];
  22   3            delay(2000000);
  23   3          }
  24   2        }
  25   1        else if (LED_mode == 3)            //模式三 全灭
  26   1          P1 = 0xff;
  27   1      //  else if (LED_mode == 4)            //模式四 
  28   1      //    P1 = 0xf0;
  29   1        //display_SHU_CA ();
  30   1      }


MODULE INFORMATION:   STATIC OVERLAYABLE
   CODE SIZE        =     77    ----
   CONSTANT SIZE    =   ----    ----
   XDATA SIZE       =   ----    ----
   PDATA SIZE       =   ----    ----
   DATA SIZE        =      4       1
   IDATA SIZE       =   ----    ----
   BIT SIZE         =   ----    ----
END OF MODULE INFORMATION.


C51 COMPILATION COMPLETE.  0 WARNING(S),  0 ERROR(S)
