C51 COMPILER V9.56.0.0   DISPLAY_SHU_CA                                                    03/13/2022 22:15:06 PAGE 1   


C51 COMPILER V9.56.0.0, COMPILATION OF MODULE DISPLAY_SHU_CA
OBJECT MODULE PLACED IN .\Objects\display_SHU_CA.obj
COMPILER INVOKED BY: C:\Keil_v5\C51\BIN\C51.EXE display_SHU_CA.c OPTIMIZE(8,SPEED) BROWSE DEBUG OBJECTEXTEND PRINT(.\Lis
                    -tings\display_SHU_CA.lst) TABS(2) OBJECT(.\Objects\display_SHU_CA.obj)

line level    source

   1          #include <REGX51.H>
   2          #define uchar unsigned char
   3          #include "delay.h"
   4          uchar code m_table[]={0x03,0x9f,0x25,0x0d,0x99,0x49,0x41,0x1f,0x01,0x09};     //字段码镜像0~9
   5          uchar i,j,k;
   6          uchar GE,SHI;
   7          extern uchar run,count;
   8          bit K_GE,K_SHI;
   9          
  10          void display_SHU_CA ()
  11          {
  12   1        //count=0;
  13   1        for(k=0;k<99;k++)
  14   1      {
  15   2        if (run == 0) return ;           //标志位，若run==0，跳出当前循环
  16   2        if(count == 99) continue;        //若99 则跳到下一个循环99~00
  17   2        SHI = m_table[count/10];         //取十位
  18   2        for(i=0;i<8;i++)
  19   2      {
  20   3        K_SHI=SHI&0x01;                   //K_SHI定义为bit，取最低位
  21   3        P3_5=K_SHI;
  22   3        P3_4=1;                           //电平反转
  23   3        P3_4=0; 
  24   3        SHI>>=1;                          //右移一位
  25   3      } 
  26   2      
  27   2        GE = m_table[count%10];
  28   2          for(j=0;j<8;j++)
  29   2      {
  30   3        K_GE=GE&0x01;
  31   3        P3_5=K_GE;
  32   3        P3_4=1;
  33   3        P3_4=0; 
  34   3        GE>>=1;
  35   3      }
  36   2        count++;
  37   2        delay(100);
  38   2      }
  39   1        
  40   1      count=99;
  41   1        for(k=99;k>0;k--)
  42   1      {
  43   2        if (run == 0) return ;
  44   2        if(count==0) continue;
  45   2        SHI = m_table[count/10];
  46   2        for(i=0;i<8;i++)
  47   2      {
  48   3        K_SHI=SHI&0x01;
  49   3        P3_5=K_SHI;
  50   3        P3_4=1;
  51   3        P3_4=0; 
  52   3        SHI>>=1;
  53   3      } 
  54   2      
C51 COMPILER V9.56.0.0   DISPLAY_SHU_CA                                                    03/13/2022 22:15:06 PAGE 2   

  55   2        GE = m_table[count%10];
  56   2          for(j=0;j<8;j++)
  57   2      {
  58   3        K_GE=GE&0x01;
  59   3        P3_5=K_GE;
  60   3        P3_4=1;
  61   3        P3_4=0; 
  62   3        GE>>=1;
  63   3      }
  64   2        count--;
  65   2        delay(100);
  66   2      }
  67   1      }


MODULE INFORMATION:   STATIC OVERLAYABLE
   CODE SIZE        =    231    ----
   CONSTANT SIZE    =     10    ----
   XDATA SIZE       =   ----    ----
   PDATA SIZE       =   ----    ----
   DATA SIZE        =      5    ----
   IDATA SIZE       =   ----    ----
   BIT SIZE         =      2    ----
END OF MODULE INFORMATION.


C51 COMPILATION COMPLETE.  0 WARNING(S),  0 ERROR(S)
