C51 COMPILER V9.56.0.0   MAIN                                                              03/13/2022 22:15:06 PAGE 1   


C51 COMPILER V9.56.0.0, COMPILATION OF MODULE MAIN
OBJECT MODULE PLACED IN .\Objects\main.obj
COMPILER INVOKED BY: C:\Keil_v5\C51\BIN\C51.EXE main.c OPTIMIZE(8,SPEED) BROWSE DEBUG OBJECTEXTEND PRINT(.\Listings\main
                    -.lst) TABS(2) OBJECT(.\Objects\main.obj)

line level    source

   1          #include <REGX51.H>
   2          #include "delay.h"
   3          #include "display_LED.h"
   4          #include "display_SHU_CA.h"
   5          #define uchar unsigned char
   6          uchar LED_mode,count,run = 0;
   7          
   8          time0() interrupt 1
   9          {
  10   1        if (P2 != 0x0f)
  11   1        {
  12   2            switch (P2&0x0f)
  13   2          {
  14   3            case 0x0e : LED_mode = 1;run = 0;break;
  15   3            case 0x0d : LED_mode = 2;run = 0;break;
  16   3            case 0x0b : LED_mode = 3;run = 0;break;
  17   3            case 0x07 : LED_mode = 4,run = 1;break;
  18   3          }
  19   2        }
  20   1        TH0 = 0x06;
  21   1        TL0 = 0x06;
  22   1      }
  23          
  24          void main()
  25          {
  26   1        P1 = 0xf0;                   //上电，灯全亮LED
  27   1        TMOD = 0x02;                 //T0定时器方式2
  28   1        TH0 = 0x06;                  //初值设置，0.25ms进中断
  29   1        TL0 = 0x06;
  30   1        EA = 1;                      //打开总开关
  31   1        ET0 = 1 ;                    //允许T0中断
  32   1        TR0 = 1;                     //允许T0计数
  33   1        count=0;
  34   1        while(1)
  35   1        {
  36   2          display_LED (LED_mode);
  37   2          display_SHU_CA ();
  38   2        }
  39   1      }


MODULE INFORMATION:   STATIC OVERLAYABLE
   CODE SIZE        =     95    ----
   CONSTANT SIZE    =   ----    ----
   XDATA SIZE       =   ----    ----
   PDATA SIZE       =   ----    ----
   DATA SIZE        =      3    ----
   IDATA SIZE       =   ----    ----
   BIT SIZE         =   ----    ----
END OF MODULE INFORMATION.


C51 COMPILATION COMPLETE.  0 WARNING(S),  0 ERROR(S)
